<?xml version="1.0" encoding="UTF-8"?>
<!-- Generated by org.testng.reporters.JUnitReportReporter -->
<testsuite hostname="Kushal" failures="0" tests="2" name="testcases.ValidateHomePageFunctionality" time="2.219" errors="0" timestamp="25 Sep 2023 17:27:28 GMT" skipped="1">
  <testcase classname="testcases.ValidateHomePageFunctionality" name="carWaleHomePageLoginVerify" time="2.219"/>
  <testcase classname="testcases.ValidateHomePageFunctionality" name="validateSearchButtonClick">
    <skipped/>
  </testcase> <!-- validateSearchButtonClick -->
</testsuite> <!-- testcases.ValidateHomePageFunctionality -->
