<?xml version="1.0" encoding="UTF-8"?>
<!-- Generated by org.testng.reporters.JUnitReportReporter -->
<testsuite hostname="Kushal" failures="0" tests="2" name="testcases.ValidateHomePageFunctionality" time="4.428" errors="0" timestamp="29 Sep 2023 15:31:52 GMT" skipped="1">
  <testcase classname="testcases.ValidateHomePageFunctionality" name="carWaleHomePageLoginVerify" time="4.428"/>
  <testcase classname="testcases.ValidateHomePageFunctionality" name="validateSearchButtonClick">
    <skipped/>
  </testcase> <!-- validateSearchButtonClick -->
</testsuite> <!-- testcases.ValidateHomePageFunctionality -->
